<?xml version="1.0" encoding="UTF-8"?>
<testsuite xmlns:xsi="http://www.w3.org/2001/XMLSchema-instance" xsi:noNamespaceSchemaLocation="https://maven.apache.org/surefire/maven-surefire-plugin/xsd/surefire-test-report.xsd" name="S3Test" time="0.346" tests="1" errors="0" skipped="0" failures="0">
  <properties>
    <property name="gopherProxySet" value="false"/>
    <property name="awt.toolkit" value="sun.lwawt.macosx.LWCToolkit"/>
    <property name="java.specification.version" value="11"/>
    <property name="sun.cpu.isalist" value=""/>
    <property name="sun.jnu.encoding" value="UTF-8"/>
    <property name="java.class.path" value="/Users/shadhasan/IdeaProjects/DemoLocalstack/target/test-classes:/Users/shadhasan/IdeaProjects/DemoLocalstack/target/classes:/Users/shadhasan/.m2/repository/cloud/localstack/localstack-utils/0.2.1/localstack-utils-0.2.1.jar:/Users/shadhasan/.m2/repository/org/apache/commons/commons-lang3/3.5/commons-lang3-3.5.jar:/Users/shadhasan/.m2/repository/net/java/dev/jna/jna/4.1.0/jna-4.1.0.jar:/Users/shadhasan/.m2/repository/org/jvnet/winp/winp/1.23/winp-1.23.jar:/Users/shadhasan/.m2/repository/commons-logging/commons-logging/1.2/commons-logging-1.2.jar:/Users/shadhasan/.m2/repository/com/amazonaws/aws-lambda-java-core/1.2.0/aws-lambda-java-core-1.2.0.jar:/Users/shadhasan/.m2/repository/com/amazonaws/aws-lambda-java-events/2.2.7/aws-lambda-java-events-2.2.7.jar:/Users/shadhasan/.m2/repository/joda-time/joda-time/2.6/joda-time-2.6.jar:/Users/shadhasan/.m2/repository/com/amazonaws/aws-java-sdk-core/1.11.642/aws-java-sdk-core-1.11.642.jar:/Users/shadhasan/.m2/repository/org/apache/httpcomponents/httpclient/4.5.9/httpclient-4.5.9.jar:/Users/shadhasan/.m2/repository/org/apache/httpcomponents/httpcore/4.4.11/httpcore-4.4.11.jar:/Users/shadhasan/.m2/repository/commons-codec/commons-codec/1.11/commons-codec-1.11.jar:/Users/shadhasan/.m2/repository/software/amazon/ion/ion-java/1.0.2/ion-java-1.0.2.jar:/Users/shadhasan/.m2/repository/com/fasterxml/jackson/core/jackson-databind/2.6.7.2/jackson-databind-2.6.7.2.jar:/Users/shadhasan/.m2/repository/com/fasterxml/jackson/core/jackson-annotations/2.6.0/jackson-annotations-2.6.0.jar:/Users/shadhasan/.m2/repository/com/fasterxml/jackson/core/jackson-core/2.6.7/jackson-core-2.6.7.jar:/Users/shadhasan/.m2/repository/com/fasterxml/jackson/dataformat/jackson-dataformat-cbor/2.6.7/jackson-dataformat-cbor-2.6.7.jar:/Users/shadhasan/.m2/repository/com/amazonaws/aws-java-sdk-lambda/1.11.642/aws-java-sdk-lambda-1.11.642.jar:/Users/shadhasan/.m2/repository/com/amazonaws/jmespath-java/1.11.642/jmespath-java-1.11.642.jar:/Users/shadhasan/.m2/repository/com/amazonaws/aws-java-sdk-sqs/1.11.642/aws-java-sdk-sqs-1.11.642.jar:/Users/shadhasan/.m2/repository/com/amazonaws/aws-java-sdk/1.11.785/aws-java-sdk-1.11.785.jar:/Users/shadhasan/.m2/repository/com/amazonaws/aws-java-sdk-macie2/1.11.785/aws-java-sdk-macie2-1.11.785.jar:/Users/shadhasan/.m2/repository/com/amazonaws/aws-java-sdk-iotsitewise/1.11.785/aws-java-sdk-iotsitewise-1.11.785.jar:/Users/shadhasan/.m2/repository/com/amazonaws/aws-java-sdk-synthetics/1.11.785/aws-java-sdk-synthetics-1.11.785.jar:/Users/shadhasan/.m2/repository/com/amazonaws/aws-java-sdk-codestarconnections/1.11.785/aws-java-sdk-codestarconnections-1.11.785.jar:/Users/shadhasan/.m2/repository/com/amazonaws/aws-java-sdk-detective/1.11.785/aws-java-sdk-detective-1.11.785.jar:/Users/shadhasan/.m2/repository/com/amazonaws/aws-java-sdk-kinesisvideosignalingchannels/1.11.785/aws-java-sdk-kinesisvideosignalingchannels-1.11.785.jar:/Users/shadhasan/.m2/repository/com/amazonaws/aws-java-sdk-ebs/1.11.785/aws-java-sdk-ebs-1.11.785.jar:/Users/shadhasan/.m2/repository/com/amazonaws/aws-java-sdk-augmentedairuntime/1.11.785/aws-java-sdk-augmentedairuntime-1.11.785.jar:/Users/shadhasan/.m2/repository/com/amazonaws/aws-java-sdk-outposts/1.11.785/aws-java-sdk-outposts-1.11.785.jar:/Users/shadhasan/.m2/repository/com/amazonaws/aws-java-sdk-codeguruprofiler/1.11.785/aws-java-sdk-codeguruprofiler-1.11.785.jar:/Users/shadhasan/.m2/repository/com/amazonaws/aws-java-sdk-codegurureviewer/1.11.785/aws-java-sdk-codegurureviewer-1.11.785.jar:/Users/shadhasan/.m2/repository/com/amazonaws/aws-java-sdk-frauddetector/1.11.785/aws-java-sdk-frauddetector-1.11.785.jar:/Users/shadhasan/.m2/repository/com/amazonaws/aws-java-sdk-kendra/1.11.785/aws-java-sdk-kendra-1.11.785.jar:/Users/shadhasan/.m2/repository/com/amazonaws/aws-java-sdk-networkmanager/1.11.785/aws-java-sdk-networkmanager-1.11.785.jar:/Users/shadhasan/.m2/repository/com/amazonaws/aws-java-sdk-computeoptimizer/1.11.785/aws-java-sdk-computeoptimizer-1.11.785.jar:/Users/shadhasan/.m2/repository/com/amazonaws/aws-java-sdk-accessanalyzer/1.11.785/aws-java-sdk-accessanalyzer-1.11.785.jar:/Users/shadhasan/.m2/repository/com/amazonaws/aws-java-sdk-schemas/1.11.785/aws-java-sdk-schemas-1.11.785.jar:/Users/shadhasan/.m2/repository/com/amazonaws/aws-java-sdk-imagebuilder/1.11.785/aws-java-sdk-imagebuilder-1.11.785.jar:/Users/shadhasan/.m2/repository/com/amazonaws/aws-java-sdk-elasticinference/1.11.785/aws-java-sdk-elasticinference-1.11.785.jar:/Users/shadhasan/.m2/repository/com/amazonaws/aws-java-sdk-iotsecuretunneling/1.11.785/aws-java-sdk-iotsecuretunneling-1.11.785.jar:/Users/shadhasan/.m2/repository/com/amazonaws/aws-java-sdk-appconfig/1.11.785/aws-java-sdk-appconfig-1.11.785.jar:/Users/shadhasan/.m2/repository/com/amazonaws/aws-java-sdk-wafv2/1.11.785/aws-java-sdk-wafv2-1.11.785.jar:/Users/shadhasan/.m2/repository/com/amazonaws/aws-java-sdk-connectparticipant/1.11.785/aws-java-sdk-connectparticipant-1.11.785.jar:/Users/shadhasan/.m2/repository/com/amazonaws/aws-java-sdk-migrationhubconfig/1.11.785/aws-java-sdk-migrationhubconfig-1.11.785.jar:/Users/shadhasan/.m2/repository/com/amazonaws/aws-java-sdk-dataexchange/1.11.785/aws-java-sdk-dataexchange-1.11.785.jar:/Users/shadhasan/.m2/repository/com/amazonaws/aws-java-sdk-sesv2/1.11.785/aws-java-sdk-sesv2-1.11.785.jar:/Users/shadhasan/.m2/repository/com/amazonaws/aws-java-sdk-marketplacecatalog/1.11.785/aws-java-sdk-marketplacecatalog-1.11.785.jar:/Users/shadhasan/.m2/repository/com/amazonaws/aws-java-sdk-ssooidc/1.11.785/aws-java-sdk-ssooidc-1.11.785.jar:/Users/shadhasan/.m2/repository/com/amazonaws/aws-java-sdk-sso/1.11.785/aws-java-sdk-sso-1.11.785.jar:/Users/shadhasan/.m2/repository/com/amazonaws/aws-java-sdk-savingsplans/1.11.785/aws-java-sdk-savingsplans-1.11.785.jar:/Users/shadhasan/.m2/repository/com/amazonaws/aws-java-sdk-codestarnotifications/1.11.785/aws-java-sdk-codestarnotifications-1.11.785.jar:/Users/shadhasan/.m2/repository/com/amazonaws/aws-java-sdk-workmailmessageflow/1.11.785/aws-java-sdk-workmailmessageflow-1.11.785.jar:/Users/shadhasan/.m2/repository/com/amazonaws/aws-java-sdk-qldbsession/1.11.785/aws-java-sdk-qldbsession-1.11.785.jar:/Users/shadhasan/.m2/repository/com/amazonaws/aws-java-sdk-qldb/1.11.785/aws-java-sdk-qldb-1.11.785.jar:/Users/shadhasan/.m2/repository/com/amazonaws/aws-java-sdk-forecastquery/1.11.785/aws-java-sdk-forecastquery-1.11.785.jar:/Users/shadhasan/.m2/repository/com/amazonaws/aws-java-sdk-forecast/1.11.785/aws-java-sdk-forecast-1.11.785.jar:/Users/shadhasan/.m2/repository/com/amazonaws/aws-java-sdk-lakeformation/1.11.785/aws-java-sdk-lakeformation-1.11.785.jar:/Users/shadhasan/.m2/repository/com/amazonaws/aws-java-sdk-eventbridge/1.11.785/aws-java-sdk-eventbridge-1.11.785.jar:/Users/shadhasan/.m2/repository/com/amazonaws/aws-java-sdk-ec2instanceconnect/1.11.785/aws-java-sdk-ec2instanceconnect-1.11.785.jar:/Users/shadhasan/.m2/repository/com/amazonaws/aws-java-sdk-applicationinsights/1.11.785/aws-java-sdk-applicationinsights-1.11.785.jar:/Users/shadhasan/.m2/repository/com/amazonaws/aws-java-sdk-servicequotas/1.11.785/aws-java-sdk-servicequotas-1.11.785.jar:/Users/shadhasan/.m2/repository/com/amazonaws/aws-java-sdk-personalizeevents/1.11.785/aws-java-sdk-personalizeevents-1.11.785.jar:/Users/shadhasan/.m2/repository/com/amazonaws/aws-java-sdk-personalize/1.11.785/aws-java-sdk-personalize-1.11.785.jar:/Users/shadhasan/.m2/repository/com/amazonaws/aws-java-sdk-personalizeruntime/1.11.785/aws-java-sdk-personalizeruntime-1.11.785.jar:/Users/shadhasan/.m2/repository/com/amazonaws/aws-java-sdk-ioteventsdata/1.11.785/aws-java-sdk-ioteventsdata-1.11.785.jar:/Users/shadhasan/.m2/repository/com/amazonaws/aws-java-sdk-iotevents/1.11.785/aws-java-sdk-iotevents-1.11.785.jar:/Users/shadhasan/.m2/repository/com/amazonaws/aws-java-sdk-iotthingsgraph/1.11.785/aws-java-sdk-iotthingsgraph-1.11.785.jar:/Users/shadhasan/.m2/repository/com/amazonaws/aws-java-sdk-groundstation/1.11.785/aws-java-sdk-groundstation-1.11.785.jar:/Users/shadhasan/.m2/repository/com/amazonaws/aws-java-sdk-mediapackagevod/1.11.785/aws-java-sdk-mediapackagevod-1.11.785.jar:/Users/shadhasan/.m2/repository/com/amazonaws/aws-java-sdk-managedblockchain/1.11.785/aws-java-sdk-managedblockchain-1.11.785.jar:/Users/shadhasan/.m2/repository/com/amazonaws/aws-java-sdk-textract/1.11.785/aws-java-sdk-textract-1.11.785.jar:/Users/shadhasan/.m2/repository/com/amazonaws/aws-java-sdk-worklink/1.11.785/aws-java-sdk-worklink-1.11.785.jar:/Users/shadhasan/.m2/repository/com/amazonaws/aws-java-sdk-backup/1.11.785/aws-java-sdk-backup-1.11.785.jar:/Users/shadhasan/.m2/repository/com/amazonaws/aws-java-sdk-docdb/1.11.785/aws-java-sdk-docdb-1.11.785.jar:/Users/shadhasan/.m2/repository/com/amazonaws/aws-java-sdk-apigatewayv2/1.11.785/aws-java-sdk-apigatewayv2-1.11.785.jar:/Users/shadhasan/.m2/repository/com/amazonaws/aws-java-sdk-apigatewaymanagementapi/1.11.785/aws-java-sdk-apigatewaymanagementapi-1.11.785.jar:/Users/shadhasan/.m2/repository/com/amazonaws/aws-java-sdk-kafka/1.11.785/aws-java-sdk-kafka-1.11.785.jar:/Users/shadhasan/.m2/repository/com/amazonaws/aws-java-sdk-appmesh/1.11.785/aws-java-sdk-appmesh-1.11.785.jar:/Users/shadhasan/.m2/repository/com/amazonaws/aws-java-sdk-licensemanager/1.11.785/aws-java-sdk-licensemanager-1.11.785.jar:/Users/shadhasan/.m2/repository/com/amazonaws/aws-java-sdk-securityhub/1.11.785/aws-java-sdk-securityhub-1.11.785.jar:/Users/shadhasan/.m2/repository/com/amazonaws/aws-java-sdk-fsx/1.11.785/aws-java-sdk-fsx-1.11.785.jar:/Users/shadhasan/.m2/repository/com/amazonaws/aws-java-sdk-mediaconnect/1.11.785/aws-java-sdk-mediaconnect-1.11.785.jar:/Users/shadhasan/.m2/repository/com/amazonaws/aws-java-sdk-kinesisanalyticsv2/1.11.785/aws-java-sdk-kinesisanalyticsv2-1.11.785.jar:/Users/shadhasan/.m2/repository/com/amazonaws/aws-java-sdk-comprehendmedical/1.11.785/aws-java-sdk-comprehendmedical-1.11.785.jar:/Users/shadhasan/.m2/repository/com/amazonaws/aws-java-sdk-globalaccelerator/1.11.785/aws-java-sdk-globalaccelerator-1.11.785.jar:/Users/shadhasan/.m2/repository/com/amazonaws/aws-java-sdk-transfer/1.11.785/aws-java-sdk-transfer-1.11.785.jar:/Users/shadhasan/.m2/repository/com/amazonaws/aws-java-sdk-datasync/1.11.785/aws-java-sdk-datasync-1.11.785.jar:/Users/shadhasan/.m2/repository/com/amazonaws/aws-java-sdk-robomaker/1.11.785/aws-java-sdk-robomaker-1.11.785.jar:/Users/shadhasan/.m2/repository/com/amazonaws/aws-java-sdk-amplify/1.11.785/aws-java-sdk-amplify-1.11.785.jar:/Users/shadhasan/.m2/repository/com/amazonaws/aws-java-sdk-quicksight/1.11.785/aws-java-sdk-quicksight-1.11.785.jar:/Users/shadhasan/.m2/repository/com/amazonaws/aws-java-sdk-rdsdata/1.11.785/aws-java-sdk-rdsdata-1.11.785.jar:/Users/shadhasan/.m2/repository/com/amazonaws/aws-java-sdk-route53resolver/1.11.785/aws-java-sdk-route53resolver-1.11.785.jar:/Users/shadhasan/.m2/repository/com/amazonaws/aws-java-sdk-ram/1.11.785/aws-java-sdk-ram-1.11.785.jar:/Users/shadhasan/.m2/repository/com/amazonaws/aws-java-sdk-s3control/1.11.785/aws-java-sdk-s3control-1.11.785.jar:/Users/shadhasan/.m2/repository/com/amazonaws/aws-java-sdk-pinpointsmsvoice/1.11.785/aws-java-sdk-pinpointsmsvoice-1.11.785.jar:/Users/shadhasan/.m2/repository/com/amazonaws/aws-java-sdk-pinpointemail/1.11.785/aws-java-sdk-pinpointemail-1.11.785.jar:/Users/shadhasan/.m2/repository/com/amazonaws/aws-java-sdk-chime/1.11.785/aws-java-sdk-chime-1.11.785.jar:/Users/shadhasan/.m2/repository/com/amazonaws/aws-java-sdk-signer/1.11.785/aws-java-sdk-signer-1.11.785.jar:/Users/shadhasan/.m2/repository/com/amazonaws/aws-java-sdk-dlm/1.11.785/aws-java-sdk-dlm-1.11.785.jar:/Users/shadhasan/.m2/repository/com/amazonaws/aws-java-sdk-macie/1.11.785/aws-java-sdk-macie-1.11.785.jar:/Users/shadhasan/.m2/repository/com/amazonaws/aws-java-sdk-eks/1.11.785/aws-java-sdk-eks-1.11.785.jar:/Users/shadhasan/.m2/repository/com/amazonaws/aws-java-sdk-mediatailor/1.11.785/aws-java-sdk-mediatailor-1.11.785.jar:/Users/shadhasan/.m2/repository/com/amazonaws/aws-java-sdk-neptune/1.11.785/aws-java-sdk-neptune-1.11.785.jar:/Users/shadhasan/.m2/repository/com/amazonaws/aws-java-sdk-pi/1.11.785/aws-java-sdk-pi-1.11.785.jar:/Users/shadhasan/.m2/repository/com/amazonaws/aws-java-sdk-iot1clickprojects/1.11.785/aws-java-sdk-iot1clickprojects-1.11.785.jar:/Users/shadhasan/.m2/repository/com/amazonaws/aws-java-sdk-iot1clickdevices/1.11.785/aws-java-sdk-iot1clickdevices-1.11.785.jar:/Users/shadhasan/.m2/repository/com/amazonaws/aws-java-sdk-iotanalytics/1.11.785/aws-java-sdk-iotanalytics-1.11.785.jar:/Users/shadhasan/.m2/repository/com/amazonaws/aws-java-sdk-acmpca/1.11.785/aws-java-sdk-acmpca-1.11.785.jar:/Users/shadhasan/.m2/repository/com/amazonaws/aws-java-sdk-secretsmanager/1.11.785/aws-java-sdk-secretsmanager-1.11.785.jar:/Users/shadhasan/.m2/repository/com/amazonaws/aws-java-sdk-fms/1.11.785/aws-java-sdk-fms-1.11.785.jar:/Users/shadhasan/.m2/repository/com/amazonaws/aws-java-sdk-connect/1.11.785/aws-java-sdk-connect-1.11.785.jar:/Users/shadhasan/.m2/repository/com/amazonaws/aws-java-sdk-transcribe/1.11.785/aws-java-sdk-transcribe-1.11.785.jar:/Users/shadhasan/.m2/repository/com/amazonaws/aws-java-sdk-autoscalingplans/1.11.785/aws-java-sdk-autoscalingplans-1.11.785.jar:/Users/shadhasan/.m2/repository/com/amazonaws/aws-java-sdk-workmail/1.11.785/aws-java-sdk-workmail-1.11.785.jar:/Users/shadhasan/.m2/repository/com/amazonaws/aws-java-sdk-servicediscovery/1.11.785/aws-java-sdk-servicediscovery-1.11.785.jar:/Users/shadhasan/.m2/repository/com/amazonaws/aws-java-sdk-cloud9/1.11.785/aws-java-sdk-cloud9-1.11.785.jar:/Users/shadhasan/.m2/repository/com/amazonaws/aws-java-sdk-serverlessapplicationrepository/1.11.785/aws-java-sdk-serverlessapplicationrepository-1.11.785.jar:/Users/shadhasan/.m2/repository/com/amazonaws/aws-java-sdk-alexaforbusiness/1.11.785/aws-java-sdk-alexaforbusiness-1.11.785.jar:/Users/shadhasan/.m2/repository/com/amazonaws/aws-java-sdk-resourcegroups/1.11.785/aws-java-sdk-resourcegroups-1.11.785.jar:/Users/shadhasan/.m2/repository/com/amazonaws/aws-java-sdk-comprehend/1.11.785/aws-java-sdk-comprehend-1.11.785.jar:/Users/shadhasan/.m2/repository/com/amazonaws/aws-java-sdk-translate/1.11.785/aws-java-sdk-translate-1.11.785.jar:/Users/shadhasan/.m2/repository/com/amazonaws/aws-java-sdk-sagemaker/1.11.785/aws-java-sdk-sagemaker-1.11.785.jar:/Users/shadhasan/.m2/repository/com/amazonaws/aws-java-sdk-iotjobsdataplane/1.11.785/aws-java-sdk-iotjobsdataplane-1.11.785.jar:/Users/shadhasan/.m2/repository/com/amazonaws/aws-java-sdk-sagemakerruntime/1.11.785/aws-java-sdk-sagemakerruntime-1.11.785.jar:/Users/shadhasan/.m2/repository/com/amazonaws/aws-java-sdk-kinesisvideo/1.11.785/aws-java-sdk-kinesisvideo-1.11.785.jar:/Users/shadhasan/.m2/repository/io/netty/netty-codec-http/4.1.44.Final/netty-codec-http-4.1.44.Final.jar:/Users/shadhasan/.m2/repository/io/netty/netty-buffer/4.1.44.Final/netty-buffer-4.1.44.Final.jar:/Users/shadhasan/.m2/repository/io/netty/netty-transport/4.1.44.Final/netty-transport-4.1.44.Final.jar:/Users/shadhasan/.m2/repository/io/netty/netty-resolver/4.1.44.Final/netty-resolver-4.1.44.Final.jar:/Users/shadhasan/.m2/repository/io/netty/netty-codec/4.1.44.Final/netty-codec-4.1.44.Final.jar:/Users/shadhasan/.m2/repository/io/netty/netty-handler/4.1.44.Final/netty-handler-4.1.44.Final.jar:/Users/shadhasan/.m2/repository/com/amazonaws/aws-java-sdk-appsync/1.11.785/aws-java-sdk-appsync-1.11.785.jar:/Users/shadhasan/.m2/repository/com/amazonaws/aws-java-sdk-guardduty/1.11.785/aws-java-sdk-guardduty-1.11.785.jar:/Users/shadhasan/.m2/repository/com/amazonaws/aws-java-sdk-mq/1.11.785/aws-java-sdk-mq-1.11.785.jar:/Users/shadhasan/.m2/repository/com/amazonaws/aws-java-sdk-mediaconvert/1.11.785/aws-java-sdk-mediaconvert-1.11.785.jar:/Users/shadhasan/.m2/repository/com/amazonaws/aws-java-sdk-mediastore/1.11.785/aws-java-sdk-mediastore-1.11.785.jar:/Users/shadhasan/.m2/repository/com/amazonaws/aws-java-sdk-mediastoredata/1.11.785/aws-java-sdk-mediastoredata-1.11.785.jar:/Users/shadhasan/.m2/repository/com/amazonaws/aws-java-sdk-medialive/1.11.785/aws-java-sdk-medialive-1.11.785.jar:/Users/shadhasan/.m2/repository/com/amazonaws/aws-java-sdk-mediapackage/1.11.785/aws-java-sdk-mediapackage-1.11.785.jar:/Users/shadhasan/.m2/repository/com/amazonaws/aws-java-sdk-costexplorer/1.11.785/aws-java-sdk-costexplorer-1.11.785.jar:/Users/shadhasan/.m2/repository/com/amazonaws/aws-java-sdk-pricing/1.11.785/aws-java-sdk-pricing-1.11.785.jar:/Users/shadhasan/.m2/repository/com/amazonaws/aws-java-sdk-mobile/1.11.785/aws-java-sdk-mobile-1.11.785.jar:/Users/shadhasan/.m2/repository/com/amazonaws/aws-java-sdk-cloudhsmv2/1.11.785/aws-java-sdk-cloudhsmv2-1.11.785.jar:/Users/shadhasan/.m2/repository/com/amazonaws/aws-java-sdk-glue/1.11.785/aws-java-sdk-glue-1.11.785.jar:/Users/shadhasan/.m2/repository/com/amazonaws/aws-java-sdk-migrationhub/1.11.785/aws-java-sdk-migrationhub-1.11.785.jar:/Users/shadhasan/.m2/repository/com/amazonaws/aws-java-sdk-dax/1.11.785/aws-java-sdk-dax-1.11.785.jar:/Users/shadhasan/.m2/repository/com/amazonaws/aws-java-sdk-greengrass/1.11.785/aws-java-sdk-greengrass-1.11.785.jar:/Users/shadhasan/.m2/repository/com/amazonaws/aws-java-sdk-athena/1.11.785/aws-java-sdk-athena-1.11.785.jar:/Users/shadhasan/.m2/repository/com/amazonaws/aws-java-sdk-marketplaceentitlement/1.11.785/aws-java-sdk-marketplaceentitlement-1.11.785.jar:/Users/shadhasan/.m2/repository/com/amazonaws/aws-java-sdk-codestar/1.11.785/aws-java-sdk-codestar-1.11.785.jar:/Users/shadhasan/.m2/repository/com/amazonaws/aws-java-sdk-lexmodelbuilding/1.11.785/aws-java-sdk-lexmodelbuilding-1.11.785.jar:/Users/shadhasan/.m2/repository/com/amazonaws/aws-java-sdk-resourcegroupstaggingapi/1.11.785/aws-java-sdk-resourcegroupstaggingapi-1.11.785.jar:/Users/shadhasan/.m2/repository/com/amazonaws/aws-java-sdk-pinpoint/1.11.785/aws-java-sdk-pinpoint-1.11.785.jar:/Users/shadhasan/.m2/repository/com/amazonaws/aws-java-sdk-xray/1.11.785/aws-java-sdk-xray-1.11.785.jar:/Users/shadhasan/.m2/repository/com/amazonaws/aws-java-sdk-opsworkscm/1.11.785/aws-java-sdk-opsworkscm-1.11.785.jar:/Users/shadhasan/.m2/repository/com/amazonaws/aws-java-sdk-support/1.11.785/aws-java-sdk-support-1.11.785.jar:/Users/shadhasan/.m2/repository/com/amazonaws/aws-java-sdk-simpledb/1.11.785/aws-java-sdk-simpledb-1.11.785.jar:/Users/shadhasan/.m2/repository/com/amazonaws/aws-java-sdk-servicecatalog/1.11.785/aws-java-sdk-servicecatalog-1.11.785.jar:/Users/shadhasan/.m2/repository/com/amazonaws/aws-java-sdk-servermigration/1.11.785/aws-java-sdk-servermigration-1.11.785.jar:/Users/shadhasan/.m2/repository/com/amazonaws/aws-java-sdk-simpleworkflow/1.11.785/aws-java-sdk-simpleworkflow-1.11.785.jar:/Users/shadhasan/.m2/repository/com/amazonaws/aws-java-sdk-storagegateway/1.11.785/aws-java-sdk-storagegateway-1.11.785.jar:/Users/shadhasan/.m2/repository/com/amazonaws/aws-java-sdk-route53/1.11.785/aws-java-sdk-route53-1.11.785.jar:/Users/shadhasan/.m2/repository/com/amazonaws/aws-java-sdk-s3/1.11.785/aws-java-sdk-s3-1.11.785.jar:/Users/shadhasan/.m2/repository/com/amazonaws/aws-java-sdk-importexport/1.11.785/aws-java-sdk-importexport-1.11.785.jar:/Users/shadhasan/.m2/repository/com/amazonaws/aws-java-sdk-sts/1.11.785/aws-java-sdk-sts-1.11.785.jar:/Users/shadhasan/.m2/repository/com/amazonaws/aws-java-sdk-rds/1.11.785/aws-java-sdk-rds-1.11.785.jar:/Users/shadhasan/.m2/repository/com/amazonaws/aws-java-sdk-redshift/1.11.785/aws-java-sdk-redshift-1.11.785.jar:/Users/shadhasan/.m2/repository/com/amazonaws/aws-java-sdk-elasticbeanstalk/1.11.785/aws-java-sdk-elasticbeanstalk-1.11.785.jar:/Users/shadhasan/.m2/repository/com/amazonaws/aws-java-sdk-glacier/1.11.785/aws-java-sdk-glacier-1.11.785.jar:/Users/shadhasan/.m2/repository/com/amazonaws/aws-java-sdk-iam/1.11.785/aws-java-sdk-iam-1.11.785.jar:/Users/shadhasan/.m2/repository/com/amazonaws/aws-java-sdk-datapipeline/1.11.785/aws-java-sdk-datapipeline-1.11.785.jar:/Users/shadhasan/.m2/repository/com/amazonaws/aws-java-sdk-elasticloadbalancing/1.11.785/aws-java-sdk-elasticloadbalancing-1.11.785.jar:/Users/shadhasan/.m2/repository/com/amazonaws/aws-java-sdk-elasticloadbalancingv2/1.11.785/aws-java-sdk-elasticloadbalancingv2-1.11.785.jar:/Users/shadhasan/.m2/repository/com/amazonaws/aws-java-sdk-emr/1.11.785/aws-java-sdk-emr-1.11.785.jar:/Users/shadhasan/.m2/repository/com/amazonaws/aws-java-sdk-elasticache/1.11.785/aws-java-sdk-elasticache-1.11.785.jar:/Users/shadhasan/.m2/repository/com/amazonaws/aws-java-sdk-elastictranscoder/1.11.785/aws-java-sdk-elastictranscoder-1.11.785.jar:/Users/shadhasan/.m2/repository/com/amazonaws/aws-java-sdk-ec2/1.11.785/aws-java-sdk-ec2-1.11.785.jar:/Users/shadhasan/.m2/repository/com/amazonaws/aws-java-sdk-dynamodb/1.11.785/aws-java-sdk-dynamodb-1.11.785.jar:/Users/shadhasan/.m2/repository/com/amazonaws/aws-java-sdk-sns/1.11.785/aws-java-sdk-sns-1.11.785.jar:/Users/shadhasan/.m2/repository/com/amazonaws/aws-java-sdk-budgets/1.11.785/aws-java-sdk-budgets-1.11.785.jar:/Users/shadhasan/.m2/repository/com/amazonaws/aws-java-sdk-cloudtrail/1.11.785/aws-java-sdk-cloudtrail-1.11.785.jar:/Users/shadhasan/.m2/repository/com/amazonaws/aws-java-sdk-cloudwatch/1.11.785/aws-java-sdk-cloudwatch-1.11.785.jar:/Users/shadhasan/.m2/repository/com/amazonaws/aws-java-sdk-logs/1.11.785/aws-java-sdk-logs-1.11.785.jar:/Users/shadhasan/.m2/repository/com/amazonaws/aws-java-sdk-events/1.11.785/aws-java-sdk-events-1.11.785.jar:/Users/shadhasan/.m2/repository/com/amazonaws/aws-java-sdk-cognitoidentity/1.11.785/aws-java-sdk-cognitoidentity-1.11.785.jar:/Users/shadhasan/.m2/repository/com/amazonaws/aws-java-sdk-cognitosync/1.11.785/aws-java-sdk-cognitosync-1.11.785.jar:/Users/shadhasan/.m2/repository/com/amazonaws/aws-java-sdk-directconnect/1.11.785/aws-java-sdk-directconnect-1.11.785.jar:/Users/shadhasan/.m2/repository/com/amazonaws/aws-java-sdk-cloudformation/1.11.785/aws-java-sdk-cloudformation-1.11.785.jar:/Users/shadhasan/.m2/repository/com/amazonaws/aws-java-sdk-cloudfront/1.11.785/aws-java-sdk-cloudfront-1.11.785.jar:/Users/shadhasan/.m2/repository/com/amazonaws/aws-java-sdk-clouddirectory/1.11.785/aws-java-sdk-clouddirectory-1.11.785.jar:/Users/shadhasan/.m2/repository/com/amazonaws/aws-java-sdk-kinesis/1.11.785/aws-java-sdk-kinesis-1.11.785.jar:/Users/shadhasan/.m2/repository/com/amazonaws/aws-java-sdk-opsworks/1.11.785/aws-java-sdk-opsworks-1.11.785.jar:/Users/shadhasan/.m2/repository/com/amazonaws/aws-java-sdk-ses/1.11.785/aws-java-sdk-ses-1.11.785.jar:/Users/shadhasan/.m2/repository/com/amazonaws/aws-java-sdk-autoscaling/1.11.785/aws-java-sdk-autoscaling-1.11.785.jar:/Users/shadhasan/.m2/repository/com/amazonaws/aws-java-sdk-cloudsearch/1.11.785/aws-java-sdk-cloudsearch-1.11.785.jar:/Users/shadhasan/.m2/repository/com/amazonaws/aws-java-sdk-cloudwatchmetrics/1.11.785/aws-java-sdk-cloudwatchmetrics-1.11.785.jar:/Users/shadhasan/.m2/repository/com/amazonaws/aws-java-sdk-codedeploy/1.11.785/aws-java-sdk-codedeploy-1.11.785.jar:/Users/shadhasan/.m2/repository/com/amazonaws/aws-java-sdk-codepipeline/1.11.785/aws-java-sdk-codepipeline-1.11.785.jar:/Users/shadhasan/.m2/repository/com/amazonaws/aws-java-sdk-kms/1.11.785/aws-java-sdk-kms-1.11.785.jar:/Users/shadhasan/.m2/repository/com/amazonaws/aws-java-sdk-config/1.11.785/aws-java-sdk-config-1.11.785.jar:/Users/shadhasan/.m2/repository/com/amazonaws/aws-java-sdk-ecs/1.11.785/aws-java-sdk-ecs-1.11.785.jar:/Users/shadhasan/.m2/repository/com/amazonaws/aws-java-sdk-ecr/1.11.785/aws-java-sdk-ecr-1.11.785.jar:/Users/shadhasan/.m2/repository/com/amazonaws/aws-java-sdk-cloudhsm/1.11.785/aws-java-sdk-cloudhsm-1.11.785.jar:/Users/shadhasan/.m2/repository/com/amazonaws/aws-java-sdk-ssm/1.11.785/aws-java-sdk-ssm-1.11.785.jar:/Users/shadhasan/.m2/repository/com/amazonaws/aws-java-sdk-workspaces/1.11.785/aws-java-sdk-workspaces-1.11.785.jar:/Users/shadhasan/.m2/repository/com/amazonaws/aws-java-sdk-machinelearning/1.11.785/aws-java-sdk-machinelearning-1.11.785.jar:/Users/shadhasan/.m2/repository/com/amazonaws/aws-java-sdk-directory/1.11.785/aws-java-sdk-directory-1.11.785.jar:/Users/shadhasan/.m2/repository/com/amazonaws/aws-java-sdk-efs/1.11.785/aws-java-sdk-efs-1.11.785.jar:/Users/shadhasan/.m2/repository/com/amazonaws/aws-java-sdk-codecommit/1.11.785/aws-java-sdk-codecommit-1.11.785.jar:/Users/shadhasan/.m2/repository/com/amazonaws/aws-java-sdk-devicefarm/1.11.785/aws-java-sdk-devicefarm-1.11.785.jar:/Users/shadhasan/.m2/repository/com/amazonaws/aws-java-sdk-elasticsearch/1.11.785/aws-java-sdk-elasticsearch-1.11.785.jar:/Users/shadhasan/.m2/repository/com/amazonaws/aws-java-sdk-waf/1.11.785/aws-java-sdk-waf-1.11.785.jar:/Users/shadhasan/.m2/repository/com/amazonaws/aws-java-sdk-marketplacecommerceanalytics/1.11.785/aws-java-sdk-marketplacecommerceanalytics-1.11.785.jar:/Users/shadhasan/.m2/repository/com/amazonaws/aws-java-sdk-inspector/1.11.785/aws-java-sdk-inspector-1.11.785.jar:/Users/shadhasan/.m2/repository/com/amazonaws/aws-java-sdk-iot/1.11.785/aws-java-sdk-iot-1.11.785.jar:/Users/shadhasan/.m2/repository/com/amazonaws/aws-java-sdk-api-gateway/1.11.785/aws-java-sdk-api-gateway-1.11.785.jar:/Users/shadhasan/.m2/repository/com/amazonaws/aws-java-sdk-acm/1.11.785/aws-java-sdk-acm-1.11.785.jar:/Users/shadhasan/.m2/repository/com/amazonaws/aws-java-sdk-gamelift/1.11.785/aws-java-sdk-gamelift-1.11.785.jar:/Users/shadhasan/.m2/repository/com/amazonaws/aws-java-sdk-dms/1.11.785/aws-java-sdk-dms-1.11.785.jar:/Users/shadhasan/.m2/repository/com/amazonaws/aws-java-sdk-marketplacemeteringservice/1.11.785/aws-java-sdk-marketplacemeteringservice-1.11.785.jar:/Users/shadhasan/.m2/repository/com/amazonaws/aws-java-sdk-cognitoidp/1.11.785/aws-java-sdk-cognitoidp-1.11.785.jar:/Users/shadhasan/.m2/repository/com/amazonaws/aws-java-sdk-discovery/1.11.785/aws-java-sdk-discovery-1.11.785.jar:/Users/shadhasan/.m2/repository/com/amazonaws/aws-java-sdk-applicationautoscaling/1.11.785/aws-java-sdk-applicationautoscaling-1.11.785.jar:/Users/shadhasan/.m2/repository/com/amazonaws/aws-java-sdk-snowball/1.11.785/aws-java-sdk-snowball-1.11.785.jar:/Users/shadhasan/.m2/repository/com/amazonaws/aws-java-sdk-rekognition/1.11.785/aws-java-sdk-rekognition-1.11.785.jar:/Users/shadhasan/.m2/repository/com/amazonaws/aws-java-sdk-polly/1.11.785/aws-java-sdk-polly-1.11.785.jar:/Users/shadhasan/.m2/repository/com/amazonaws/aws-java-sdk-lightsail/1.11.785/aws-java-sdk-lightsail-1.11.785.jar:/Users/shadhasan/.m2/repository/com/amazonaws/aws-java-sdk-stepfunctions/1.11.785/aws-java-sdk-stepfunctions-1.11.785.jar:/Users/shadhasan/.m2/repository/com/amazonaws/aws-java-sdk-health/1.11.785/aws-java-sdk-health-1.11.785.jar:/Users/shadhasan/.m2/repository/com/amazonaws/aws-java-sdk-costandusagereport/1.11.785/aws-java-sdk-costandusagereport-1.11.785.jar:/Users/shadhasan/.m2/repository/com/amazonaws/aws-java-sdk-codebuild/1.11.785/aws-java-sdk-codebuild-1.11.785.jar:/Users/shadhasan/.m2/repository/com/amazonaws/aws-java-sdk-appstream/1.11.785/aws-java-sdk-appstream-1.11.785.jar:/Users/shadhasan/.m2/repository/com/amazonaws/aws-java-sdk-shield/1.11.785/aws-java-sdk-shield-1.11.785.jar:/Users/shadhasan/.m2/repository/com/amazonaws/aws-java-sdk-batch/1.11.785/aws-java-sdk-batch-1.11.785.jar:/Users/shadhasan/.m2/repository/com/amazonaws/aws-java-sdk-lex/1.11.785/aws-java-sdk-lex-1.11.785.jar:/Users/shadhasan/.m2/repository/com/amazonaws/aws-java-sdk-mechanicalturkrequester/1.11.785/aws-java-sdk-mechanicalturkrequester-1.11.785.jar:/Users/shadhasan/.m2/repository/com/amazonaws/aws-java-sdk-organizations/1.11.785/aws-java-sdk-organizations-1.11.785.jar:/Users/shadhasan/.m2/repository/com/amazonaws/aws-java-sdk-workdocs/1.11.785/aws-java-sdk-workdocs-1.11.785.jar:/Users/shadhasan/.m2/repository/com/amazonaws/aws-java-sdk-models/1.11.785/aws-java-sdk-models-1.11.785.jar:/Users/shadhasan/.m2/repository/com/amazonaws/aws-java-sdk-swf-libraries/1.11.22/aws-java-sdk-swf-libraries-1.11.22.jar:/Users/shadhasan/.m2/repository/junit/junit/4.13/junit-4.13.jar:/Users/shadhasan/.m2/repository/org/hamcrest/hamcrest-core/1.3/hamcrest-core-1.3.jar:/Users/shadhasan/.m2/repository/io/netty/netty-all/4.1.44.Final/netty-all-4.1.44.Final.jar:/Users/shadhasan/.m2/repository/io/netty/netty-common/4.1.44.Final/netty-common-4.1.44.Final.jar:"/>
    <property name="java.vm.vendor" value="JetBrains s.r.o"/>
    <property name="sun.arch.data.model" value="64"/>
    <property name="java.vendor.url" value="https://www.jetbrains.com/"/>
    <property name="user.timezone" value=""/>
    <property name="java.vm.specification.version" value="11"/>
    <property name="os.name" value="Mac OS X"/>
    <property name="sun.java.launcher" value="SUN_STANDARD"/>
    <property name="user.country" value="IN"/>
    <property name="sun.boot.library.path" value="/Applications/IntelliJ IDEA CE.app/Contents/jbr/Contents/Home/lib"/>
    <property name="sun.java.command" value="/Users/shadhasan/IdeaProjects/DemoLocalstack/target/surefire/surefirebooter17881972771484044557.jar /Users/shadhasan/IdeaProjects/DemoLocalstack/target/surefire 2020-05-22T11-35-55_438-jvmRun1 surefire15595490853473278808tmp surefire_010529687289470084265tmp"/>
    <property name="http.nonProxyHosts" value="local|*.local|169.254/16|*.169.254/16"/>
    <property name="jdk.debug" value="release"/>
    <property name="surefire.test.class.path" value="/Users/shadhasan/IdeaProjects/DemoLocalstack/target/test-classes:/Users/shadhasan/IdeaProjects/DemoLocalstack/target/classes:/Users/shadhasan/.m2/repository/cloud/localstack/localstack-utils/0.2.1/localstack-utils-0.2.1.jar:/Users/shadhasan/.m2/repository/org/apache/commons/commons-lang3/3.5/commons-lang3-3.5.jar:/Users/shadhasan/.m2/repository/net/java/dev/jna/jna/4.1.0/jna-4.1.0.jar:/Users/shadhasan/.m2/repository/org/jvnet/winp/winp/1.23/winp-1.23.jar:/Users/shadhasan/.m2/repository/commons-logging/commons-logging/1.2/commons-logging-1.2.jar:/Users/shadhasan/.m2/repository/com/amazonaws/aws-lambda-java-core/1.2.0/aws-lambda-java-core-1.2.0.jar:/Users/shadhasan/.m2/repository/com/amazonaws/aws-lambda-java-events/2.2.7/aws-lambda-java-events-2.2.7.jar:/Users/shadhasan/.m2/repository/joda-time/joda-time/2.6/joda-time-2.6.jar:/Users/shadhasan/.m2/repository/com/amazonaws/aws-java-sdk-core/1.11.642/aws-java-sdk-core-1.11.642.jar:/Users/shadhasan/.m2/repository/org/apache/httpcomponents/httpclient/4.5.9/httpclient-4.5.9.jar:/Users/shadhasan/.m2/repository/org/apache/httpcomponents/httpcore/4.4.11/httpcore-4.4.11.jar:/Users/shadhasan/.m2/repository/commons-codec/commons-codec/1.11/commons-codec-1.11.jar:/Users/shadhasan/.m2/repository/software/amazon/ion/ion-java/1.0.2/ion-java-1.0.2.jar:/Users/shadhasan/.m2/repository/com/fasterxml/jackson/core/jackson-databind/2.6.7.2/jackson-databind-2.6.7.2.jar:/Users/shadhasan/.m2/repository/com/fasterxml/jackson/core/jackson-annotations/2.6.0/jackson-annotations-2.6.0.jar:/Users/shadhasan/.m2/repository/com/fasterxml/jackson/core/jackson-core/2.6.7/jackson-core-2.6.7.jar:/Users/shadhasan/.m2/repository/com/fasterxml/jackson/dataformat/jackson-dataformat-cbor/2.6.7/jackson-dataformat-cbor-2.6.7.jar:/Users/shadhasan/.m2/repository/com/amazonaws/aws-java-sdk-lambda/1.11.642/aws-java-sdk-lambda-1.11.642.jar:/Users/shadhasan/.m2/repository/com/amazonaws/jmespath-java/1.11.642/jmespath-java-1.11.642.jar:/Users/shadhasan/.m2/repository/com/amazonaws/aws-java-sdk-sqs/1.11.642/aws-java-sdk-sqs-1.11.642.jar:/Users/shadhasan/.m2/repository/com/amazonaws/aws-java-sdk/1.11.785/aws-java-sdk-1.11.785.jar:/Users/shadhasan/.m2/repository/com/amazonaws/aws-java-sdk-macie2/1.11.785/aws-java-sdk-macie2-1.11.785.jar:/Users/shadhasan/.m2/repository/com/amazonaws/aws-java-sdk-iotsitewise/1.11.785/aws-java-sdk-iotsitewise-1.11.785.jar:/Users/shadhasan/.m2/repository/com/amazonaws/aws-java-sdk-synthetics/1.11.785/aws-java-sdk-synthetics-1.11.785.jar:/Users/shadhasan/.m2/repository/com/amazonaws/aws-java-sdk-codestarconnections/1.11.785/aws-java-sdk-codestarconnections-1.11.785.jar:/Users/shadhasan/.m2/repository/com/amazonaws/aws-java-sdk-detective/1.11.785/aws-java-sdk-detective-1.11.785.jar:/Users/shadhasan/.m2/repository/com/amazonaws/aws-java-sdk-kinesisvideosignalingchannels/1.11.785/aws-java-sdk-kinesisvideosignalingchannels-1.11.785.jar:/Users/shadhasan/.m2/repository/com/amazonaws/aws-java-sdk-ebs/1.11.785/aws-java-sdk-ebs-1.11.785.jar:/Users/shadhasan/.m2/repository/com/amazonaws/aws-java-sdk-augmentedairuntime/1.11.785/aws-java-sdk-augmentedairuntime-1.11.785.jar:/Users/shadhasan/.m2/repository/com/amazonaws/aws-java-sdk-outposts/1.11.785/aws-java-sdk-outposts-1.11.785.jar:/Users/shadhasan/.m2/repository/com/amazonaws/aws-java-sdk-codeguruprofiler/1.11.785/aws-java-sdk-codeguruprofiler-1.11.785.jar:/Users/shadhasan/.m2/repository/com/amazonaws/aws-java-sdk-codegurureviewer/1.11.785/aws-java-sdk-codegurureviewer-1.11.785.jar:/Users/shadhasan/.m2/repository/com/amazonaws/aws-java-sdk-frauddetector/1.11.785/aws-java-sdk-frauddetector-1.11.785.jar:/Users/shadhasan/.m2/repository/com/amazonaws/aws-java-sdk-kendra/1.11.785/aws-java-sdk-kendra-1.11.785.jar:/Users/shadhasan/.m2/repository/com/amazonaws/aws-java-sdk-networkmanager/1.11.785/aws-java-sdk-networkmanager-1.11.785.jar:/Users/shadhasan/.m2/repository/com/amazonaws/aws-java-sdk-computeoptimizer/1.11.785/aws-java-sdk-computeoptimizer-1.11.785.jar:/Users/shadhasan/.m2/repository/com/amazonaws/aws-java-sdk-accessanalyzer/1.11.785/aws-java-sdk-accessanalyzer-1.11.785.jar:/Users/shadhasan/.m2/repository/com/amazonaws/aws-java-sdk-schemas/1.11.785/aws-java-sdk-schemas-1.11.785.jar:/Users/shadhasan/.m2/repository/com/amazonaws/aws-java-sdk-imagebuilder/1.11.785/aws-java-sdk-imagebuilder-1.11.785.jar:/Users/shadhasan/.m2/repository/com/amazonaws/aws-java-sdk-elasticinference/1.11.785/aws-java-sdk-elasticinference-1.11.785.jar:/Users/shadhasan/.m2/repository/com/amazonaws/aws-java-sdk-iotsecuretunneling/1.11.785/aws-java-sdk-iotsecuretunneling-1.11.785.jar:/Users/shadhasan/.m2/repository/com/amazonaws/aws-java-sdk-appconfig/1.11.785/aws-java-sdk-appconfig-1.11.785.jar:/Users/shadhasan/.m2/repository/com/amazonaws/aws-java-sdk-wafv2/1.11.785/aws-java-sdk-wafv2-1.11.785.jar:/Users/shadhasan/.m2/repository/com/amazonaws/aws-java-sdk-connectparticipant/1.11.785/aws-java-sdk-connectparticipant-1.11.785.jar:/Users/shadhasan/.m2/repository/com/amazonaws/aws-java-sdk-migrationhubconfig/1.11.785/aws-java-sdk-migrationhubconfig-1.11.785.jar:/Users/shadhasan/.m2/repository/com/amazonaws/aws-java-sdk-dataexchange/1.11.785/aws-java-sdk-dataexchange-1.11.785.jar:/Users/shadhasan/.m2/repository/com/amazonaws/aws-java-sdk-sesv2/1.11.785/aws-java-sdk-sesv2-1.11.785.jar:/Users/shadhasan/.m2/repository/com/amazonaws/aws-java-sdk-marketplacecatalog/1.11.785/aws-java-sdk-marketplacecatalog-1.11.785.jar:/Users/shadhasan/.m2/repository/com/amazonaws/aws-java-sdk-ssooidc/1.11.785/aws-java-sdk-ssooidc-1.11.785.jar:/Users/shadhasan/.m2/repository/com/amazonaws/aws-java-sdk-sso/1.11.785/aws-java-sdk-sso-1.11.785.jar:/Users/shadhasan/.m2/repository/com/amazonaws/aws-java-sdk-savingsplans/1.11.785/aws-java-sdk-savingsplans-1.11.785.jar:/Users/shadhasan/.m2/repository/com/amazonaws/aws-java-sdk-codestarnotifications/1.11.785/aws-java-sdk-codestarnotifications-1.11.785.jar:/Users/shadhasan/.m2/repository/com/amazonaws/aws-java-sdk-workmailmessageflow/1.11.785/aws-java-sdk-workmailmessageflow-1.11.785.jar:/Users/shadhasan/.m2/repository/com/amazonaws/aws-java-sdk-qldbsession/1.11.785/aws-java-sdk-qldbsession-1.11.785.jar:/Users/shadhasan/.m2/repository/com/amazonaws/aws-java-sdk-qldb/1.11.785/aws-java-sdk-qldb-1.11.785.jar:/Users/shadhasan/.m2/repository/com/amazonaws/aws-java-sdk-forecastquery/1.11.785/aws-java-sdk-forecastquery-1.11.785.jar:/Users/shadhasan/.m2/repository/com/amazonaws/aws-java-sdk-forecast/1.11.785/aws-java-sdk-forecast-1.11.785.jar:/Users/shadhasan/.m2/repository/com/amazonaws/aws-java-sdk-lakeformation/1.11.785/aws-java-sdk-lakeformation-1.11.785.jar:/Users/shadhasan/.m2/repository/com/amazonaws/aws-java-sdk-eventbridge/1.11.785/aws-java-sdk-eventbridge-1.11.785.jar:/Users/shadhasan/.m2/repository/com/amazonaws/aws-java-sdk-ec2instanceconnect/1.11.785/aws-java-sdk-ec2instanceconnect-1.11.785.jar:/Users/shadhasan/.m2/repository/com/amazonaws/aws-java-sdk-applicationinsights/1.11.785/aws-java-sdk-applicationinsights-1.11.785.jar:/Users/shadhasan/.m2/repository/com/amazonaws/aws-java-sdk-servicequotas/1.11.785/aws-java-sdk-servicequotas-1.11.785.jar:/Users/shadhasan/.m2/repository/com/amazonaws/aws-java-sdk-personalizeevents/1.11.785/aws-java-sdk-personalizeevents-1.11.785.jar:/Users/shadhasan/.m2/repository/com/amazonaws/aws-java-sdk-personalize/1.11.785/aws-java-sdk-personalize-1.11.785.jar:/Users/shadhasan/.m2/repository/com/amazonaws/aws-java-sdk-personalizeruntime/1.11.785/aws-java-sdk-personalizeruntime-1.11.785.jar:/Users/shadhasan/.m2/repository/com/amazonaws/aws-java-sdk-ioteventsdata/1.11.785/aws-java-sdk-ioteventsdata-1.11.785.jar:/Users/shadhasan/.m2/repository/com/amazonaws/aws-java-sdk-iotevents/1.11.785/aws-java-sdk-iotevents-1.11.785.jar:/Users/shadhasan/.m2/repository/com/amazonaws/aws-java-sdk-iotthingsgraph/1.11.785/aws-java-sdk-iotthingsgraph-1.11.785.jar:/Users/shadhasan/.m2/repository/com/amazonaws/aws-java-sdk-groundstation/1.11.785/aws-java-sdk-groundstation-1.11.785.jar:/Users/shadhasan/.m2/repository/com/amazonaws/aws-java-sdk-mediapackagevod/1.11.785/aws-java-sdk-mediapackagevod-1.11.785.jar:/Users/shadhasan/.m2/repository/com/amazonaws/aws-java-sdk-managedblockchain/1.11.785/aws-java-sdk-managedblockchain-1.11.785.jar:/Users/shadhasan/.m2/repository/com/amazonaws/aws-java-sdk-textract/1.11.785/aws-java-sdk-textract-1.11.785.jar:/Users/shadhasan/.m2/repository/com/amazonaws/aws-java-sdk-worklink/1.11.785/aws-java-sdk-worklink-1.11.785.jar:/Users/shadhasan/.m2/repository/com/amazonaws/aws-java-sdk-backup/1.11.785/aws-java-sdk-backup-1.11.785.jar:/Users/shadhasan/.m2/repository/com/amazonaws/aws-java-sdk-docdb/1.11.785/aws-java-sdk-docdb-1.11.785.jar:/Users/shadhasan/.m2/repository/com/amazonaws/aws-java-sdk-apigatewayv2/1.11.785/aws-java-sdk-apigatewayv2-1.11.785.jar:/Users/shadhasan/.m2/repository/com/amazonaws/aws-java-sdk-apigatewaymanagementapi/1.11.785/aws-java-sdk-apigatewaymanagementapi-1.11.785.jar:/Users/shadhasan/.m2/repository/com/amazonaws/aws-java-sdk-kafka/1.11.785/aws-java-sdk-kafka-1.11.785.jar:/Users/shadhasan/.m2/repository/com/amazonaws/aws-java-sdk-appmesh/1.11.785/aws-java-sdk-appmesh-1.11.785.jar:/Users/shadhasan/.m2/repository/com/amazonaws/aws-java-sdk-licensemanager/1.11.785/aws-java-sdk-licensemanager-1.11.785.jar:/Users/shadhasan/.m2/repository/com/amazonaws/aws-java-sdk-securityhub/1.11.785/aws-java-sdk-securityhub-1.11.785.jar:/Users/shadhasan/.m2/repository/com/amazonaws/aws-java-sdk-fsx/1.11.785/aws-java-sdk-fsx-1.11.785.jar:/Users/shadhasan/.m2/repository/com/amazonaws/aws-java-sdk-mediaconnect/1.11.785/aws-java-sdk-mediaconnect-1.11.785.jar:/Users/shadhasan/.m2/repository/com/amazonaws/aws-java-sdk-kinesisanalyticsv2/1.11.785/aws-java-sdk-kinesisanalyticsv2-1.11.785.jar:/Users/shadhasan/.m2/repository/com/amazonaws/aws-java-sdk-comprehendmedical/1.11.785/aws-java-sdk-comprehendmedical-1.11.785.jar:/Users/shadhasan/.m2/repository/com/amazonaws/aws-java-sdk-globalaccelerator/1.11.785/aws-java-sdk-globalaccelerator-1.11.785.jar:/Users/shadhasan/.m2/repository/com/amazonaws/aws-java-sdk-transfer/1.11.785/aws-java-sdk-transfer-1.11.785.jar:/Users/shadhasan/.m2/repository/com/amazonaws/aws-java-sdk-datasync/1.11.785/aws-java-sdk-datasync-1.11.785.jar:/Users/shadhasan/.m2/repository/com/amazonaws/aws-java-sdk-robomaker/1.11.785/aws-java-sdk-robomaker-1.11.785.jar:/Users/shadhasan/.m2/repository/com/amazonaws/aws-java-sdk-amplify/1.11.785/aws-java-sdk-amplify-1.11.785.jar:/Users/shadhasan/.m2/repository/com/amazonaws/aws-java-sdk-quicksight/1.11.785/aws-java-sdk-quicksight-1.11.785.jar:/Users/shadhasan/.m2/repository/com/amazonaws/aws-java-sdk-rdsdata/1.11.785/aws-java-sdk-rdsdata-1.11.785.jar:/Users/shadhasan/.m2/repository/com/amazonaws/aws-java-sdk-route53resolver/1.11.785/aws-java-sdk-route53resolver-1.11.785.jar:/Users/shadhasan/.m2/repository/com/amazonaws/aws-java-sdk-ram/1.11.785/aws-java-sdk-ram-1.11.785.jar:/Users/shadhasan/.m2/repository/com/amazonaws/aws-java-sdk-s3control/1.11.785/aws-java-sdk-s3control-1.11.785.jar:/Users/shadhasan/.m2/repository/com/amazonaws/aws-java-sdk-pinpointsmsvoice/1.11.785/aws-java-sdk-pinpointsmsvoice-1.11.785.jar:/Users/shadhasan/.m2/repository/com/amazonaws/aws-java-sdk-pinpointemail/1.11.785/aws-java-sdk-pinpointemail-1.11.785.jar:/Users/shadhasan/.m2/repository/com/amazonaws/aws-java-sdk-chime/1.11.785/aws-java-sdk-chime-1.11.785.jar:/Users/shadhasan/.m2/repository/com/amazonaws/aws-java-sdk-signer/1.11.785/aws-java-sdk-signer-1.11.785.jar:/Users/shadhasan/.m2/repository/com/amazonaws/aws-java-sdk-dlm/1.11.785/aws-java-sdk-dlm-1.11.785.jar:/Users/shadhasan/.m2/repository/com/amazonaws/aws-java-sdk-macie/1.11.785/aws-java-sdk-macie-1.11.785.jar:/Users/shadhasan/.m2/repository/com/amazonaws/aws-java-sdk-eks/1.11.785/aws-java-sdk-eks-1.11.785.jar:/Users/shadhasan/.m2/repository/com/amazonaws/aws-java-sdk-mediatailor/1.11.785/aws-java-sdk-mediatailor-1.11.785.jar:/Users/shadhasan/.m2/repository/com/amazonaws/aws-java-sdk-neptune/1.11.785/aws-java-sdk-neptune-1.11.785.jar:/Users/shadhasan/.m2/repository/com/amazonaws/aws-java-sdk-pi/1.11.785/aws-java-sdk-pi-1.11.785.jar:/Users/shadhasan/.m2/repository/com/amazonaws/aws-java-sdk-iot1clickprojects/1.11.785/aws-java-sdk-iot1clickprojects-1.11.785.jar:/Users/shadhasan/.m2/repository/com/amazonaws/aws-java-sdk-iot1clickdevices/1.11.785/aws-java-sdk-iot1clickdevices-1.11.785.jar:/Users/shadhasan/.m2/repository/com/amazonaws/aws-java-sdk-iotanalytics/1.11.785/aws-java-sdk-iotanalytics-1.11.785.jar:/Users/shadhasan/.m2/repository/com/amazonaws/aws-java-sdk-acmpca/1.11.785/aws-java-sdk-acmpca-1.11.785.jar:/Users/shadhasan/.m2/repository/com/amazonaws/aws-java-sdk-secretsmanager/1.11.785/aws-java-sdk-secretsmanager-1.11.785.jar:/Users/shadhasan/.m2/repository/com/amazonaws/aws-java-sdk-fms/1.11.785/aws-java-sdk-fms-1.11.785.jar:/Users/shadhasan/.m2/repository/com/amazonaws/aws-java-sdk-connect/1.11.785/aws-java-sdk-connect-1.11.785.jar:/Users/shadhasan/.m2/repository/com/amazonaws/aws-java-sdk-transcribe/1.11.785/aws-java-sdk-transcribe-1.11.785.jar:/Users/shadhasan/.m2/repository/com/amazonaws/aws-java-sdk-autoscalingplans/1.11.785/aws-java-sdk-autoscalingplans-1.11.785.jar:/Users/shadhasan/.m2/repository/com/amazonaws/aws-java-sdk-workmail/1.11.785/aws-java-sdk-workmail-1.11.785.jar:/Users/shadhasan/.m2/repository/com/amazonaws/aws-java-sdk-servicediscovery/1.11.785/aws-java-sdk-servicediscovery-1.11.785.jar:/Users/shadhasan/.m2/repository/com/amazonaws/aws-java-sdk-cloud9/1.11.785/aws-java-sdk-cloud9-1.11.785.jar:/Users/shadhasan/.m2/repository/com/amazonaws/aws-java-sdk-serverlessapplicationrepository/1.11.785/aws-java-sdk-serverlessapplicationrepository-1.11.785.jar:/Users/shadhasan/.m2/repository/com/amazonaws/aws-java-sdk-alexaforbusiness/1.11.785/aws-java-sdk-alexaforbusiness-1.11.785.jar:/Users/shadhasan/.m2/repository/com/amazonaws/aws-java-sdk-resourcegroups/1.11.785/aws-java-sdk-resourcegroups-1.11.785.jar:/Users/shadhasan/.m2/repository/com/amazonaws/aws-java-sdk-comprehend/1.11.785/aws-java-sdk-comprehend-1.11.785.jar:/Users/shadhasan/.m2/repository/com/amazonaws/aws-java-sdk-translate/1.11.785/aws-java-sdk-translate-1.11.785.jar:/Users/shadhasan/.m2/repository/com/amazonaws/aws-java-sdk-sagemaker/1.11.785/aws-java-sdk-sagemaker-1.11.785.jar:/Users/shadhasan/.m2/repository/com/amazonaws/aws-java-sdk-iotjobsdataplane/1.11.785/aws-java-sdk-iotjobsdataplane-1.11.785.jar:/Users/shadhasan/.m2/repository/com/amazonaws/aws-java-sdk-sagemakerruntime/1.11.785/aws-java-sdk-sagemakerruntime-1.11.785.jar:/Users/shadhasan/.m2/repository/com/amazonaws/aws-java-sdk-kinesisvideo/1.11.785/aws-java-sdk-kinesisvideo-1.11.785.jar:/Users/shadhasan/.m2/repository/io/netty/netty-codec-http/4.1.44.Final/netty-codec-http-4.1.44.Final.jar:/Users/shadhasan/.m2/repository/io/netty/netty-buffer/4.1.44.Final/netty-buffer-4.1.44.Final.jar:/Users/shadhasan/.m2/repository/io/netty/netty-transport/4.1.44.Final/netty-transport-4.1.44.Final.jar:/Users/shadhasan/.m2/repository/io/netty/netty-resolver/4.1.44.Final/netty-resolver-4.1.44.Final.jar:/Users/shadhasan/.m2/repository/io/netty/netty-codec/4.1.44.Final/netty-codec-4.1.44.Final.jar:/Users/shadhasan/.m2/repository/io/netty/netty-handler/4.1.44.Final/netty-handler-4.1.44.Final.jar:/Users/shadhasan/.m2/repository/com/amazonaws/aws-java-sdk-appsync/1.11.785/aws-java-sdk-appsync-1.11.785.jar:/Users/shadhasan/.m2/repository/com/amazonaws/aws-java-sdk-guardduty/1.11.785/aws-java-sdk-guardduty-1.11.785.jar:/Users/shadhasan/.m2/repository/com/amazonaws/aws-java-sdk-mq/1.11.785/aws-java-sdk-mq-1.11.785.jar:/Users/shadhasan/.m2/repository/com/amazonaws/aws-java-sdk-mediaconvert/1.11.785/aws-java-sdk-mediaconvert-1.11.785.jar:/Users/shadhasan/.m2/repository/com/amazonaws/aws-java-sdk-mediastore/1.11.785/aws-java-sdk-mediastore-1.11.785.jar:/Users/shadhasan/.m2/repository/com/amazonaws/aws-java-sdk-mediastoredata/1.11.785/aws-java-sdk-mediastoredata-1.11.785.jar:/Users/shadhasan/.m2/repository/com/amazonaws/aws-java-sdk-medialive/1.11.785/aws-java-sdk-medialive-1.11.785.jar:/Users/shadhasan/.m2/repository/com/amazonaws/aws-java-sdk-mediapackage/1.11.785/aws-java-sdk-mediapackage-1.11.785.jar:/Users/shadhasan/.m2/repository/com/amazonaws/aws-java-sdk-costexplorer/1.11.785/aws-java-sdk-costexplorer-1.11.785.jar:/Users/shadhasan/.m2/repository/com/amazonaws/aws-java-sdk-pricing/1.11.785/aws-java-sdk-pricing-1.11.785.jar:/Users/shadhasan/.m2/repository/com/amazonaws/aws-java-sdk-mobile/1.11.785/aws-java-sdk-mobile-1.11.785.jar:/Users/shadhasan/.m2/repository/com/amazonaws/aws-java-sdk-cloudhsmv2/1.11.785/aws-java-sdk-cloudhsmv2-1.11.785.jar:/Users/shadhasan/.m2/repository/com/amazonaws/aws-java-sdk-glue/1.11.785/aws-java-sdk-glue-1.11.785.jar:/Users/shadhasan/.m2/repository/com/amazonaws/aws-java-sdk-migrationhub/1.11.785/aws-java-sdk-migrationhub-1.11.785.jar:/Users/shadhasan/.m2/repository/com/amazonaws/aws-java-sdk-dax/1.11.785/aws-java-sdk-dax-1.11.785.jar:/Users/shadhasan/.m2/repository/com/amazonaws/aws-java-sdk-greengrass/1.11.785/aws-java-sdk-greengrass-1.11.785.jar:/Users/shadhasan/.m2/repository/com/amazonaws/aws-java-sdk-athena/1.11.785/aws-java-sdk-athena-1.11.785.jar:/Users/shadhasan/.m2/repository/com/amazonaws/aws-java-sdk-marketplaceentitlement/1.11.785/aws-java-sdk-marketplaceentitlement-1.11.785.jar:/Users/shadhasan/.m2/repository/com/amazonaws/aws-java-sdk-codestar/1.11.785/aws-java-sdk-codestar-1.11.785.jar:/Users/shadhasan/.m2/repository/com/amazonaws/aws-java-sdk-lexmodelbuilding/1.11.785/aws-java-sdk-lexmodelbuilding-1.11.785.jar:/Users/shadhasan/.m2/repository/com/amazonaws/aws-java-sdk-resourcegroupstaggingapi/1.11.785/aws-java-sdk-resourcegroupstaggingapi-1.11.785.jar:/Users/shadhasan/.m2/repository/com/amazonaws/aws-java-sdk-pinpoint/1.11.785/aws-java-sdk-pinpoint-1.11.785.jar:/Users/shadhasan/.m2/repository/com/amazonaws/aws-java-sdk-xray/1.11.785/aws-java-sdk-xray-1.11.785.jar:/Users/shadhasan/.m2/repository/com/amazonaws/aws-java-sdk-opsworkscm/1.11.785/aws-java-sdk-opsworkscm-1.11.785.jar:/Users/shadhasan/.m2/repository/com/amazonaws/aws-java-sdk-support/1.11.785/aws-java-sdk-support-1.11.785.jar:/Users/shadhasan/.m2/repository/com/amazonaws/aws-java-sdk-simpledb/1.11.785/aws-java-sdk-simpledb-1.11.785.jar:/Users/shadhasan/.m2/repository/com/amazonaws/aws-java-sdk-servicecatalog/1.11.785/aws-java-sdk-servicecatalog-1.11.785.jar:/Users/shadhasan/.m2/repository/com/amazonaws/aws-java-sdk-servermigration/1.11.785/aws-java-sdk-servermigration-1.11.785.jar:/Users/shadhasan/.m2/repository/com/amazonaws/aws-java-sdk-simpleworkflow/1.11.785/aws-java-sdk-simpleworkflow-1.11.785.jar:/Users/shadhasan/.m2/repository/com/amazonaws/aws-java-sdk-storagegateway/1.11.785/aws-java-sdk-storagegateway-1.11.785.jar:/Users/shadhasan/.m2/repository/com/amazonaws/aws-java-sdk-route53/1.11.785/aws-java-sdk-route53-1.11.785.jar:/Users/shadhasan/.m2/repository/com/amazonaws/aws-java-sdk-s3/1.11.785/aws-java-sdk-s3-1.11.785.jar:/Users/shadhasan/.m2/repository/com/amazonaws/aws-java-sdk-importexport/1.11.785/aws-java-sdk-importexport-1.11.785.jar:/Users/shadhasan/.m2/repository/com/amazonaws/aws-java-sdk-sts/1.11.785/aws-java-sdk-sts-1.11.785.jar:/Users/shadhasan/.m2/repository/com/amazonaws/aws-java-sdk-rds/1.11.785/aws-java-sdk-rds-1.11.785.jar:/Users/shadhasan/.m2/repository/com/amazonaws/aws-java-sdk-redshift/1.11.785/aws-java-sdk-redshift-1.11.785.jar:/Users/shadhasan/.m2/repository/com/amazonaws/aws-java-sdk-elasticbeanstalk/1.11.785/aws-java-sdk-elasticbeanstalk-1.11.785.jar:/Users/shadhasan/.m2/repository/com/amazonaws/aws-java-sdk-glacier/1.11.785/aws-java-sdk-glacier-1.11.785.jar:/Users/shadhasan/.m2/repository/com/amazonaws/aws-java-sdk-iam/1.11.785/aws-java-sdk-iam-1.11.785.jar:/Users/shadhasan/.m2/repository/com/amazonaws/aws-java-sdk-datapipeline/1.11.785/aws-java-sdk-datapipeline-1.11.785.jar:/Users/shadhasan/.m2/repository/com/amazonaws/aws-java-sdk-elasticloadbalancing/1.11.785/aws-java-sdk-elasticloadbalancing-1.11.785.jar:/Users/shadhasan/.m2/repository/com/amazonaws/aws-java-sdk-elasticloadbalancingv2/1.11.785/aws-java-sdk-elasticloadbalancingv2-1.11.785.jar:/Users/shadhasan/.m2/repository/com/amazonaws/aws-java-sdk-emr/1.11.785/aws-java-sdk-emr-1.11.785.jar:/Users/shadhasan/.m2/repository/com/amazonaws/aws-java-sdk-elasticache/1.11.785/aws-java-sdk-elasticache-1.11.785.jar:/Users/shadhasan/.m2/repository/com/amazonaws/aws-java-sdk-elastictranscoder/1.11.785/aws-java-sdk-elastictranscoder-1.11.785.jar:/Users/shadhasan/.m2/repository/com/amazonaws/aws-java-sdk-ec2/1.11.785/aws-java-sdk-ec2-1.11.785.jar:/Users/shadhasan/.m2/repository/com/amazonaws/aws-java-sdk-dynamodb/1.11.785/aws-java-sdk-dynamodb-1.11.785.jar:/Users/shadhasan/.m2/repository/com/amazonaws/aws-java-sdk-sns/1.11.785/aws-java-sdk-sns-1.11.785.jar:/Users/shadhasan/.m2/repository/com/amazonaws/aws-java-sdk-budgets/1.11.785/aws-java-sdk-budgets-1.11.785.jar:/Users/shadhasan/.m2/repository/com/amazonaws/aws-java-sdk-cloudtrail/1.11.785/aws-java-sdk-cloudtrail-1.11.785.jar:/Users/shadhasan/.m2/repository/com/amazonaws/aws-java-sdk-cloudwatch/1.11.785/aws-java-sdk-cloudwatch-1.11.785.jar:/Users/shadhasan/.m2/repository/com/amazonaws/aws-java-sdk-logs/1.11.785/aws-java-sdk-logs-1.11.785.jar:/Users/shadhasan/.m2/repository/com/amazonaws/aws-java-sdk-events/1.11.785/aws-java-sdk-events-1.11.785.jar:/Users/shadhasan/.m2/repository/com/amazonaws/aws-java-sdk-cognitoidentity/1.11.785/aws-java-sdk-cognitoidentity-1.11.785.jar:/Users/shadhasan/.m2/repository/com/amazonaws/aws-java-sdk-cognitosync/1.11.785/aws-java-sdk-cognitosync-1.11.785.jar:/Users/shadhasan/.m2/repository/com/amazonaws/aws-java-sdk-directconnect/1.11.785/aws-java-sdk-directconnect-1.11.785.jar:/Users/shadhasan/.m2/repository/com/amazonaws/aws-java-sdk-cloudformation/1.11.785/aws-java-sdk-cloudformation-1.11.785.jar:/Users/shadhasan/.m2/repository/com/amazonaws/aws-java-sdk-cloudfront/1.11.785/aws-java-sdk-cloudfront-1.11.785.jar:/Users/shadhasan/.m2/repository/com/amazonaws/aws-java-sdk-clouddirectory/1.11.785/aws-java-sdk-clouddirectory-1.11.785.jar:/Users/shadhasan/.m2/repository/com/amazonaws/aws-java-sdk-kinesis/1.11.785/aws-java-sdk-kinesis-1.11.785.jar:/Users/shadhasan/.m2/repository/com/amazonaws/aws-java-sdk-opsworks/1.11.785/aws-java-sdk-opsworks-1.11.785.jar:/Users/shadhasan/.m2/repository/com/amazonaws/aws-java-sdk-ses/1.11.785/aws-java-sdk-ses-1.11.785.jar:/Users/shadhasan/.m2/repository/com/amazonaws/aws-java-sdk-autoscaling/1.11.785/aws-java-sdk-autoscaling-1.11.785.jar:/Users/shadhasan/.m2/repository/com/amazonaws/aws-java-sdk-cloudsearch/1.11.785/aws-java-sdk-cloudsearch-1.11.785.jar:/Users/shadhasan/.m2/repository/com/amazonaws/aws-java-sdk-cloudwatchmetrics/1.11.785/aws-java-sdk-cloudwatchmetrics-1.11.785.jar:/Users/shadhasan/.m2/repository/com/amazonaws/aws-java-sdk-codedeploy/1.11.785/aws-java-sdk-codedeploy-1.11.785.jar:/Users/shadhasan/.m2/repository/com/amazonaws/aws-java-sdk-codepipeline/1.11.785/aws-java-sdk-codepipeline-1.11.785.jar:/Users/shadhasan/.m2/repository/com/amazonaws/aws-java-sdk-kms/1.11.785/aws-java-sdk-kms-1.11.785.jar:/Users/shadhasan/.m2/repository/com/amazonaws/aws-java-sdk-config/1.11.785/aws-java-sdk-config-1.11.785.jar:/Users/shadhasan/.m2/repository/com/amazonaws/aws-java-sdk-ecs/1.11.785/aws-java-sdk-ecs-1.11.785.jar:/Users/shadhasan/.m2/repository/com/amazonaws/aws-java-sdk-ecr/1.11.785/aws-java-sdk-ecr-1.11.785.jar:/Users/shadhasan/.m2/repository/com/amazonaws/aws-java-sdk-cloudhsm/1.11.785/aws-java-sdk-cloudhsm-1.11.785.jar:/Users/shadhasan/.m2/repository/com/amazonaws/aws-java-sdk-ssm/1.11.785/aws-java-sdk-ssm-1.11.785.jar:/Users/shadhasan/.m2/repository/com/amazonaws/aws-java-sdk-workspaces/1.11.785/aws-java-sdk-workspaces-1.11.785.jar:/Users/shadhasan/.m2/repository/com/amazonaws/aws-java-sdk-machinelearning/1.11.785/aws-java-sdk-machinelearning-1.11.785.jar:/Users/shadhasan/.m2/repository/com/amazonaws/aws-java-sdk-directory/1.11.785/aws-java-sdk-directory-1.11.785.jar:/Users/shadhasan/.m2/repository/com/amazonaws/aws-java-sdk-efs/1.11.785/aws-java-sdk-efs-1.11.785.jar:/Users/shadhasan/.m2/repository/com/amazonaws/aws-java-sdk-codecommit/1.11.785/aws-java-sdk-codecommit-1.11.785.jar:/Users/shadhasan/.m2/repository/com/amazonaws/aws-java-sdk-devicefarm/1.11.785/aws-java-sdk-devicefarm-1.11.785.jar:/Users/shadhasan/.m2/repository/com/amazonaws/aws-java-sdk-elasticsearch/1.11.785/aws-java-sdk-elasticsearch-1.11.785.jar:/Users/shadhasan/.m2/repository/com/amazonaws/aws-java-sdk-waf/1.11.785/aws-java-sdk-waf-1.11.785.jar:/Users/shadhasan/.m2/repository/com/amazonaws/aws-java-sdk-marketplacecommerceanalytics/1.11.785/aws-java-sdk-marketplacecommerceanalytics-1.11.785.jar:/Users/shadhasan/.m2/repository/com/amazonaws/aws-java-sdk-inspector/1.11.785/aws-java-sdk-inspector-1.11.785.jar:/Users/shadhasan/.m2/repository/com/amazonaws/aws-java-sdk-iot/1.11.785/aws-java-sdk-iot-1.11.785.jar:/Users/shadhasan/.m2/repository/com/amazonaws/aws-java-sdk-api-gateway/1.11.785/aws-java-sdk-api-gateway-1.11.785.jar:/Users/shadhasan/.m2/repository/com/amazonaws/aws-java-sdk-acm/1.11.785/aws-java-sdk-acm-1.11.785.jar:/Users/shadhasan/.m2/repository/com/amazonaws/aws-java-sdk-gamelift/1.11.785/aws-java-sdk-gamelift-1.11.785.jar:/Users/shadhasan/.m2/repository/com/amazonaws/aws-java-sdk-dms/1.11.785/aws-java-sdk-dms-1.11.785.jar:/Users/shadhasan/.m2/repository/com/amazonaws/aws-java-sdk-marketplacemeteringservice/1.11.785/aws-java-sdk-marketplacemeteringservice-1.11.785.jar:/Users/shadhasan/.m2/repository/com/amazonaws/aws-java-sdk-cognitoidp/1.11.785/aws-java-sdk-cognitoidp-1.11.785.jar:/Users/shadhasan/.m2/repository/com/amazonaws/aws-java-sdk-discovery/1.11.785/aws-java-sdk-discovery-1.11.785.jar:/Users/shadhasan/.m2/repository/com/amazonaws/aws-java-sdk-applicationautoscaling/1.11.785/aws-java-sdk-applicationautoscaling-1.11.785.jar:/Users/shadhasan/.m2/repository/com/amazonaws/aws-java-sdk-snowball/1.11.785/aws-java-sdk-snowball-1.11.785.jar:/Users/shadhasan/.m2/repository/com/amazonaws/aws-java-sdk-rekognition/1.11.785/aws-java-sdk-rekognition-1.11.785.jar:/Users/shadhasan/.m2/repository/com/amazonaws/aws-java-sdk-polly/1.11.785/aws-java-sdk-polly-1.11.785.jar:/Users/shadhasan/.m2/repository/com/amazonaws/aws-java-sdk-lightsail/1.11.785/aws-java-sdk-lightsail-1.11.785.jar:/Users/shadhasan/.m2/repository/com/amazonaws/aws-java-sdk-stepfunctions/1.11.785/aws-java-sdk-stepfunctions-1.11.785.jar:/Users/shadhasan/.m2/repository/com/amazonaws/aws-java-sdk-health/1.11.785/aws-java-sdk-health-1.11.785.jar:/Users/shadhasan/.m2/repository/com/amazonaws/aws-java-sdk-costandusagereport/1.11.785/aws-java-sdk-costandusagereport-1.11.785.jar:/Users/shadhasan/.m2/repository/com/amazonaws/aws-java-sdk-codebuild/1.11.785/aws-java-sdk-codebuild-1.11.785.jar:/Users/shadhasan/.m2/repository/com/amazonaws/aws-java-sdk-appstream/1.11.785/aws-java-sdk-appstream-1.11.785.jar:/Users/shadhasan/.m2/repository/com/amazonaws/aws-java-sdk-shield/1.11.785/aws-java-sdk-shield-1.11.785.jar:/Users/shadhasan/.m2/repository/com/amazonaws/aws-java-sdk-batch/1.11.785/aws-java-sdk-batch-1.11.785.jar:/Users/shadhasan/.m2/repository/com/amazonaws/aws-java-sdk-lex/1.11.785/aws-java-sdk-lex-1.11.785.jar:/Users/shadhasan/.m2/repository/com/amazonaws/aws-java-sdk-mechanicalturkrequester/1.11.785/aws-java-sdk-mechanicalturkrequester-1.11.785.jar:/Users/shadhasan/.m2/repository/com/amazonaws/aws-java-sdk-organizations/1.11.785/aws-java-sdk-organizations-1.11.785.jar:/Users/shadhasan/.m2/repository/com/amazonaws/aws-java-sdk-workdocs/1.11.785/aws-java-sdk-workdocs-1.11.785.jar:/Users/shadhasan/.m2/repository/com/amazonaws/aws-java-sdk-models/1.11.785/aws-java-sdk-models-1.11.785.jar:/Users/shadhasan/.m2/repository/com/amazonaws/aws-java-sdk-swf-libraries/1.11.22/aws-java-sdk-swf-libraries-1.11.22.jar:/Users/shadhasan/.m2/repository/junit/junit/4.13/junit-4.13.jar:/Users/shadhasan/.m2/repository/org/hamcrest/hamcrest-core/1.3/hamcrest-core-1.3.jar:/Users/shadhasan/.m2/repository/io/netty/netty-all/4.1.44.Final/netty-all-4.1.44.Final.jar:/Users/shadhasan/.m2/repository/io/netty/netty-common/4.1.44.Final/netty-common-4.1.44.Final.jar:"/>
    <property name="sun.cpu.endian" value="little"/>
    <property name="user.home" value="/Users/shadhasan"/>
    <property name="user.language" value="en"/>
    <property name="java.specification.vendor" value="Oracle Corporation"/>
    <property name="java.version.date" value="2020-01-14"/>
    <property name="java.home" value="/Applications/IntelliJ IDEA CE.app/Contents/jbr/Contents/Home"/>
    <property name="file.separator" value="/"/>
    <property name="basedir" value="/Users/shadhasan/IdeaProjects/DemoLocalstack"/>
    <property name="java.vm.compressedOopsMode" value="Zero based"/>
    <property name="line.separator" value="&#10;"/>
    <property name="java.specification.name" value="Java Platform API Specification"/>
    <property name="java.vm.specification.vendor" value="Oracle Corporation"/>
    <property name="java.awt.graphicsenv" value="sun.awt.CGraphicsEnvironment"/>
    <property name="surefire.real.class.path" value="/Users/shadhasan/IdeaProjects/DemoLocalstack/target/surefire/surefirebooter17881972771484044557.jar"/>
    <property name="sun.management.compiler" value="HotSpot 64-Bit Tiered Compilers"/>
    <property name="ftp.nonProxyHosts" value="local|*.local|169.254/16|*.169.254/16"/>
    <property name="java.runtime.version" value="11.0.6+8-b520.43"/>
    <property name="user.name" value="shadhasan"/>
    <property name="path.separator" value=":"/>
    <property name="os.version" value="10.14.6"/>
    <property name="java.runtime.name" value="OpenJDK Runtime Environment"/>
    <property name="file.encoding" value="US-ASCII"/>
    <property name="java.vm.name" value="OpenJDK 64-Bit Server VM"/>
    <property name="localRepository" value="/Users/shadhasan/.m2/repository"/>
    <property name="java.vendor.url.bug" value="https://youtrack.jetbrains.com"/>
    <property name="java.io.tmpdir" value="/var/folders/9y/qkf6jb_57szcpfhfq27_hjsm0000gn/T/"/>
    <property name="java.version" value="11.0.6"/>
    <property name="user.dir" value="/Users/shadhasan/IdeaProjects/DemoLocalstack"/>
    <property name="os.arch" value="x86_64"/>
    <property name="java.vm.specification.name" value="Java Virtual Machine Specification"/>
    <property name="java.awt.printerjob" value="sun.lwawt.macosx.CPrinterJob"/>
    <property name="sun.os.patch.level" value="unknown"/>
    <property name="idea.version2019.3.4" value="true"/>
    <property name="java.library.path" value="/Users/shadhasan/Library/Java/Extensions:/Library/Java/Extensions:/Network/Library/Java/Extensions:/System/Library/Java/Extensions:/usr/lib/java:."/>
    <property name="java.vendor" value="JetBrains s.r.o"/>
    <property name="java.vm.info" value="mixed mode"/>
    <property name="java.vm.version" value="11.0.6+8-b520.43"/>
    <property name="sun.io.unicode.encoding" value="UnicodeBig"/>
    <property name="java.class.version" value="55.0"/>
    <property name="socksNonProxyHosts" value="local|*.local|169.254/16|*.169.254/16"/>
  </properties>
  <testcase name="testS3List" classname="S3Test" time="0.346"/>
</testsuite>